<?xml version="1.0" encoding="UTF-8"?>
<!-- Generated by org.testng.reporters.JUnitXMLReporter -->
<testsuite hostname="EPRURYAW0774" name="YandexTest test" tests="8" failures="0" timestamp="5 Sep 2016 10:53:27 GMT" time="45.616" errors="0">
  <testcase name="@BeforeTest startBrowser" time="0.0" classname="com.epam.java.khokholko_tatiana.framework.YandexTest">
    <failure type="org.openqa.selenium.WebDriverException" message="Failed to connect to binary FirefoxBinary(C:\Program Files\Mozilla Firefox\firefox.exe) on port 7055; process output follows: 
DEBUG	getModTime: Recursive scan of {972ce4c6-7e08-4474-a285-3208198ce6fd}
1473072762158	DeferredSave.extensions.json	DEBUG	Save changes
1473072762158	addons.xpi	DEBUG	Updating database with changes to installed add-ons
1473072762158	addons.xpi-utils	DEBUG	Updating add-on states
1473072762158	addons.xpi-utils	DEBUG	Writing add-ons list
1473072762160	addons.xpi	DEBUG	Registering manifest for C:\Program Files\Mozilla Firefox\browser\features\e10srollout@mozilla.org.xpi
1473072762160	addons.xpi	DEBUG	Calling bootstrap method startup on e10srollout@mozilla.org version 1.0
1473072762160	addons.xpi	DEBUG	Registering manifest for C:\Program Files\Mozilla Firefox\browser\features\firefox@getpocket.com.xpi
1473072762161	addons.xpi	DEBUG	Calling bootstrap method startup on firefox@getpocket.com version 1.0.2
1473072762161	addons.xpi	DEBUG	Registering manifest for C:\Program Files\Mozilla Firefox\browser\features\loop@mozilla.org.xpi
1473072762162	addons.xpi	DEBUG	Calling bootstrap method startup on loop@mozilla.org version 1.3.2
1473072762172	addons.manager	DEBUG	Registering shutdown blocker for XPIProvider
1473072762172	addons.manager	DEBUG	Provider finished startup: XPIProvider
1473072762172	addons.manager	DEBUG	Starting provider: LightweightThemeManager
1473072762172	addons.manager	DEBUG	Registering shutdown blocker for LightweightThemeManager
1473072762173	addons.manager	DEBUG	Provider finished startup: LightweightThemeManager
1473072762173	addons.manager	DEBUG	Starting provider: GMPProvider
1473072762176	addons.manager	DEBUG	Registering shutdown blocker for GMPProvider
1473072762177	addons.manager	DEBUG	Provider finished startup: GMPProvider
1473072762177	addons.manager	DEBUG	Starting provider: PluginProvider
1473072762177	addons.manager	DEBUG	Registering shutdown blocker for PluginProvider
1473072762177	addons.manager	DEBUG	Provider finished startup: PluginProvider
1473072762177	addons.manager	DEBUG	Completed startup sequence
1473072762490	addons.manager	DEBUG	Starting provider: &amp;lt;unnamed-provider&amp;gt;
1473072762490	addons.manager	DEBUG	Registering shutdown blocker for &amp;lt;unnamed-provider&amp;gt;
1473072762490	addons.manager	DEBUG	Provider finished startup: &amp;lt;unnamed-provider&amp;gt;
1473072762491	DeferredSave.extensions.json	DEBUG	Starting write
1473072762670	addons.repository	DEBUG	No addons.json found.
1473072762671	DeferredSave.addons.json	DEBUG	Save changes
1473072762672	DeferredSave.addons.json	DEBUG	Starting timer
1473072762686	addons.manager	DEBUG	Starting provider: PreviousExperimentProvider
1473072762686	addons.manager	DEBUG	Registering shutdown blocker for PreviousExperimentProvider
1473072762686	addons.manager	DEBUG	Provider finished startup: PreviousExperimentProvider
1473072762687	DeferredSave.extensions.json	DEBUG	Write succeeded
1473072762687	addons.xpi-utils	DEBUG	XPI Database saved, setting schema version preference to 17
1473072762723	DeferredSave.addons.json	DEBUG	Starting write
1473072762755	DeferredSave.addons.json	DEBUG	Write succeeded
1473072773436	addons.xpi	DEBUG	Calling bootstrap method shutdown on e10srollout@mozilla.org version 1.0
1473072773437	addons.xpi	DEBUG	Calling bootstrap method shutdown on firefox@getpocket.com version 1.0.2
1473072773437	addons.xpi	DEBUG	Calling bootstrap method shutdown on loop@mozilla.org version 1.3.2
1473072773537	addons.manager	DEBUG	shutdown
1473072773537	addons.manager	DEBUG	Calling shutdown blocker for XPIProvider
1473072773537	addons.xpi	DEBUG	shutdown
1473072773537	addons.xpi-utils	DEBUG	shutdown
1473072773538	addons.manager	DEBUG	Calling shutdown blocker for LightweightThemeManager
1473072773538	addons.manager	DEBUG	Calling shutdown blocker for GMPProvider
1473072773539	addons.manager	DEBUG	Calling shutdown blocker for PluginProvider
1473072773539	addons.manager	DEBUG	Calling shutdown blocker for &amp;lt;unnamed-provider&amp;gt;
1473072773540	addons.manager	DEBUG	Calling shutdown blocker for PreviousExperimentProvider
1473072773543	addons.xpi	DEBUG	Notifying XPI shutdown observers
1473072773545	addons.manager	DEBUG	Async provider shutdown done

Build info: version: &amp;apos;2.53.0&amp;apos;, revision: &amp;apos;35ae25b1534ae328c771e0856c93e187490ca824&amp;apos;, time: &amp;apos;2016-03-15 10:43:46&amp;apos;
System info: host: &amp;apos;EPRURYAW0774&amp;apos;, ip: &amp;apos;10.19.9.192&amp;apos;, os.name: &amp;apos;Windows 10&amp;apos;, os.arch: &amp;apos;amd64&amp;apos;, os.version: &amp;apos;10.0&amp;apos;, java.version: &amp;apos;1.8.0_101&amp;apos;
Driver info: driver.version: Driver">
      <![CDATA[org.openqa.selenium.WebDriverException: Failed to connect to binary FirefoxBinary(C:\Program Files\Mozilla Firefox\firefox.exe) on port 7055; process output follows: 
DEBUG	getModTime: Recursive scan of {972ce4c6-7e08-4474-a285-3208198ce6fd}
1473072762158	DeferredSave.extensions.json	DEBUG	Save changes
1473072762158	addons.xpi	DEBUG	Updating database with changes to installed add-ons
1473072762158	addons.xpi-utils	DEBUG	Updating add-on states
1473072762158	addons.xpi-utils	DEBUG	Writing add-ons list
1473072762160	addons.xpi	DEBUG	Registering manifest for C:\Program Files\Mozilla Firefox\browser\features\e10srollout@mozilla.org.xpi
1473072762160	addons.xpi	DEBUG	Calling bootstrap method startup on e10srollout@mozilla.org version 1.0
1473072762160	addons.xpi	DEBUG	Registering manifest for C:\Program Files\Mozilla Firefox\browser\features\firefox@getpocket.com.xpi
1473072762161	addons.xpi	DEBUG	Calling bootstrap method startup on firefox@getpocket.com version 1.0.2
1473072762161	addons.xpi	DEBUG	Registering manifest for C:\Program Files\Mozilla Firefox\browser\features\loop@mozilla.org.xpi
1473072762162	addons.xpi	DEBUG	Calling bootstrap method startup on loop@mozilla.org version 1.3.2
1473072762172	addons.manager	DEBUG	Registering shutdown blocker for XPIProvider
1473072762172	addons.manager	DEBUG	Provider finished startup: XPIProvider
1473072762172	addons.manager	DEBUG	Starting provider: LightweightThemeManager
1473072762172	addons.manager	DEBUG	Registering shutdown blocker for LightweightThemeManager
1473072762173	addons.manager	DEBUG	Provider finished startup: LightweightThemeManager
1473072762173	addons.manager	DEBUG	Starting provider: GMPProvider
1473072762176	addons.manager	DEBUG	Registering shutdown blocker for GMPProvider
1473072762177	addons.manager	DEBUG	Provider finished startup: GMPProvider
1473072762177	addons.manager	DEBUG	Starting provider: PluginProvider
1473072762177	addons.manager	DEBUG	Registering shutdown blocker for PluginProvider
1473072762177	addons.manager	DEBUG	Provider finished startup: PluginProvider
1473072762177	addons.manager	DEBUG	Completed startup sequence
1473072762490	addons.manager	DEBUG	Starting provider: <unnamed-provider>
1473072762490	addons.manager	DEBUG	Registering shutdown blocker for <unnamed-provider>
1473072762490	addons.manager	DEBUG	Provider finished startup: <unnamed-provider>
1473072762491	DeferredSave.extensions.json	DEBUG	Starting write
1473072762670	addons.repository	DEBUG	No addons.json found.
1473072762671	DeferredSave.addons.json	DEBUG	Save changes
1473072762672	DeferredSave.addons.json	DEBUG	Starting timer
1473072762686	addons.manager	DEBUG	Starting provider: PreviousExperimentProvider
1473072762686	addons.manager	DEBUG	Registering shutdown blocker for PreviousExperimentProvider
1473072762686	addons.manager	DEBUG	Provider finished startup: PreviousExperimentProvider
1473072762687	DeferredSave.extensions.json	DEBUG	Write succeeded
1473072762687	addons.xpi-utils	DEBUG	XPI Database saved, setting schema version preference to 17
1473072762723	DeferredSave.addons.json	DEBUG	Starting write
1473072762755	DeferredSave.addons.json	DEBUG	Write succeeded
1473072773436	addons.xpi	DEBUG	Calling bootstrap method shutdown on e10srollout@mozilla.org version 1.0
1473072773437	addons.xpi	DEBUG	Calling bootstrap method shutdown on firefox@getpocket.com version 1.0.2
1473072773437	addons.xpi	DEBUG	Calling bootstrap method shutdown on loop@mozilla.org version 1.3.2
1473072773537	addons.manager	DEBUG	shutdown
1473072773537	addons.manager	DEBUG	Calling shutdown blocker for XPIProvider
1473072773537	addons.xpi	DEBUG	shutdown
1473072773537	addons.xpi-utils	DEBUG	shutdown
1473072773538	addons.manager	DEBUG	Calling shutdown blocker for LightweightThemeManager
1473072773538	addons.manager	DEBUG	Calling shutdown blocker for GMPProvider
1473072773539	addons.manager	DEBUG	Calling shutdown blocker for PluginProvider
1473072773539	addons.manager	DEBUG	Calling shutdown blocker for <unnamed-provider>
1473072773540	addons.manager	DEBUG	Calling shutdown blocker for PreviousExperimentProvider
1473072773543	addons.xpi	DEBUG	Notifying XPI shutdown observers
1473072773545	addons.manager	DEBUG	Async provider shutdown done

Build info: version: '2.53.0', revision: '35ae25b1534ae328c771e0856c93e187490ca824', time: '2016-03-15 10:43:46'
System info: host: 'EPRURYAW0774', ip: '10.19.9.192', os.name: 'Windows 10', os.arch: 'amd64', os.version: '10.0', java.version: '1.8.0_101'
Driver info: driver.version: Driver
	at org.openqa.selenium.firefox.internal.NewProfileExtensionConnection.start(NewProfileExtensionConnection.java:125)
	at org.openqa.selenium.firefox.FirefoxDriver.startClient(FirefoxDriver.java:271)
	at org.openqa.selenium.remote.RemoteWebDriver.<init>(RemoteWebDriver.java:119)
	at org.openqa.selenium.firefox.FirefoxDriver.<init>(FirefoxDriver.java:216)
	at org.openqa.selenium.firefox.FirefoxDriver.<init>(FirefoxDriver.java:211)
	at org.openqa.selenium.firefox.FirefoxDriver.<init>(FirefoxDriver.java:207)
	at org.openqa.selenium.firefox.FirefoxDriver.<init>(FirefoxDriver.java:120)
	at com.epam.java.khokholko_tatiana.framework.ui.Driver.getWebDriverInstance(Driver.java:14)
	at com.epam.java.khokholko_tatiana.framework.YandexTest.startBrowser(YandexTest.java:46)
	at com.epam.java.khokholko_tatiana.framework.runner.Runner.run(Runner.java:39)
	at com.epam.java.khokholko_tatiana.framework.runner.Runner.main(Runner.java:17)
Caused by: org.openqa.selenium.firefox.NotConnectedException: Unable to connect to host 127.0.0.1 on port 7055 after 45000 ms. Firefox console output:
DEBUG	getModTime: Recursive scan of {972ce4c6-7e08-4474-a285-3208198ce6fd}
1473072762158	DeferredSave.extensions.json	DEBUG	Save changes
1473072762158	addons.xpi	DEBUG	Updating database with changes to installed add-ons
1473072762158	addons.xpi-utils	DEBUG	Updating add-on states
1473072762158	addons.xpi-utils	DEBUG	Writing add-ons list
1473072762160	addons.xpi	DEBUG	Registering manifest for C:\Program Files\Mozilla Firefox\browser\features\e10srollout@mozilla.org.xpi
1473072762160	addons.xpi	DEBUG	Calling bootstrap method startup on e10srollout@mozilla.org version 1.0
1473072762160	addons.xpi	DEBUG	Registering manifest for C:\Program Files\Mozilla Firefox\browser\features\firefox@getpocket.com.xpi
1473072762161	addons.xpi	DEBUG	Calling bootstrap method startup on firefox@getpocket.com version 1.0.2
1473072762161	addons.xpi	DEBUG	Registering manifest for C:\Program Files\Mozilla Firefox\browser\features\loop@mozilla.org.xpi
1473072762162	addons.xpi	DEBUG	Calling bootstrap method startup on loop@mozilla.org version 1.3.2
1473072762172	addons.manager	DEBUG	Registering shutdown blocker for XPIProvider
1473072762172	addons.manager	DEBUG	Provider finished startup: XPIProvider
1473072762172	addons.manager	DEBUG	Starting provider: LightweightThemeManager
1473072762172	addons.manager	DEBUG	Registering shutdown blocker for LightweightThemeManager
1473072762173	addons.manager	DEBUG	Provider finished startup: LightweightThemeManager
1473072762173	addons.manager	DEBUG	Starting provider: GMPProvider
1473072762176	addons.manager	DEBUG	Registering shutdown blocker for GMPProvider
1473072762177	addons.manager	DEBUG	Provider finished startup: GMPProvider
1473072762177	addons.manager	DEBUG	Starting provider: PluginProvider
1473072762177	addons.manager	DEBUG	Registering shutdown blocker for PluginProvider
1473072762177	addons.manager	DEBUG	Provider finished startup: PluginProvider
1473072762177	addons.manager	DEBUG	Completed startup sequence
1473072762490	addons.manager	DEBUG	Starting provider: <unnamed-provider>
1473072762490	addons.manager	DEBUG	Registering shutdown blocker for <unnamed-provider>
1473072762490	addons.manager	DEBUG	Provider finished startup: <unnamed-provider>
1473072762491	DeferredSave.extensions.json	DEBUG	Starting write
1473072762670	addons.repository	DEBUG	No addons.json found.
1473072762671	DeferredSave.addons.json	DEBUG	Save changes
1473072762672	DeferredSave.addons.json	DEBUG	Starting timer
1473072762686	addons.manager	DEBUG	Starting provider: PreviousExperimentProvider
1473072762686	addons.manager	DEBUG	Registering shutdown blocker for PreviousExperimentProvider
1473072762686	addons.manager	DEBUG	Provider finished startup: PreviousExperimentProvider
1473072762687	DeferredSave.extensions.json	DEBUG	Write succeeded
1473072762687	addons.xpi-utils	DEBUG	XPI Database saved, setting schema version preference to 17
1473072762723	DeferredSave.addons.json	DEBUG	Starting write
1473072762755	DeferredSave.addons.json	DEBUG	Write succeeded
1473072773436	addons.xpi	DEBUG	Calling bootstrap method shutdown on e10srollout@mozilla.org version 1.0
1473072773437	addons.xpi	DEBUG	Calling bootstrap method shutdown on firefox@getpocket.com version 1.0.2
1473072773437	addons.xpi	DEBUG	Calling bootstrap method shutdown on loop@mozilla.org version 1.3.2
1473072773537	addons.manager	DEBUG	shutdown
1473072773537	addons.manager	DEBUG	Calling shutdown blocker for XPIProvider
1473072773537	addons.xpi	DEBUG	shutdown
1473072773537	addons.xpi-utils	DEBUG	shutdown
1473072773538	addons.manager	DEBUG	Calling shutdown blocker for LightweightThemeManager
1473072773538	addons.manager	DEBUG	Calling shutdown blocker for GMPProvider
1473072773539	addons.manager	DEBUG	Calling shutdown blocker for PluginProvider
1473072773539	addons.manager	DEBUG	Calling shutdown blocker for <unnamed-provider>
1473072773540	addons.manager	DEBUG	Calling shutdown blocker for PreviousExperimentProvider
1473072773543	addons.xpi	DEBUG	Notifying XPI shutdown observers
1473072773545	addons.manager	DEBUG	Async provider shutdown done

	at org.openqa.selenium.firefox.internal.NewProfileExtensionConnection.start(NewProfileExtensionConnection.java:113)
	... 29 more
... Removed 19 stack frames]]>
    </failure>
  </testcase> <!-- @BeforeTest startBrowser -->
  <testcase name="@AfterTest closeBrowser" time="0.0" classname="com.epam.java.khokholko_tatiana.framework.YandexTest">
    <skipped/>
  </testcase> <!-- @AfterTest closeBrowser -->
  <testcase name="loginTest" time="0.0" classname="com.epam.java.khokholko_tatiana.framework.YandexTest">
    <skipped/>
  </testcase> <!-- loginTest -->
  <testcase name="writeLetterDrafts" time="0.0" classname="com.epam.java.khokholko_tatiana.framework.YandexTest">
    <skipped/>
  </testcase> <!-- writeLetterDrafts -->
  <testcase name="discardDrafts" time="0.0" classname="com.epam.java.khokholko_tatiana.framework.YandexTest">
    <skipped/>
  </testcase> <!-- discardDrafts -->
  <testcase name="letterDraftsCheck" time="0.0" classname="com.epam.java.khokholko_tatiana.framework.YandexTest">
    <skipped/>
  </testcase> <!-- letterDraftsCheck -->
  <testcase name="yandexSendLetter" time="0.0" classname="com.epam.java.khokholko_tatiana.framework.YandexTest">
    <skipped/>
  </testcase> <!-- yandexSendLetter -->
  <testcase name="checkSentMails" time="0.0" classname="com.epam.java.khokholko_tatiana.framework.YandexTest">
    <skipped/>
  </testcase> <!-- checkSentMails -->
  <testcase name="discardSentLetters" time="0.0" classname="com.epam.java.khokholko_tatiana.framework.YandexTest">
    <skipped/>
  </testcase> <!-- discardSentLetters -->
  <testcase name="exit" time="0.0" classname="com.epam.java.khokholko_tatiana.framework.YandexTest">
    <skipped/>
  </testcase> <!-- exit -->
</testsuite> <!-- YandexTest test -->
