<?xml version="1.0" encoding="UTF-8"?>
<testng-results skipped="0" failed="0" total="12" passed="12">
  <reporter-output>
    <line>
      <![CDATA[ WARN work.YandexTest#  55: start 'startBrowser'<br>]]>
    </line>
    <line>
      <![CDATA[ WARN work.YandexTest#  56: startBrowser 'delete old screenshots'<br>]]>
    </line>
    <line>
      <![CDATA[ WARN work.YandexTest#  59: finish 'startBrowser'<br>]]>
    </line>
    <line>
      <![CDATA[ INFO work.YandexTest#  80: start 'loginTest'<br>]]>
    </line>
    <line>
      <![CDATA[ INFO bject.LoginPage#  45: start 'setLogin'<br>]]>
    </line>
    <line>
      <![CDATA[ INFO bject.LoginPage#  46: Login:MySeleniumWork@yandex.ru<br>]]>
    </line>
    <line>
      <![CDATA[ INFO bject.LoginPage#  48: finish 'setLogin'<br>]]>
    </line>
    <line>
      <![CDATA[ INFO bject.LoginPage#  53: start 'setPassword'<br>]]>
    </line>
    <line>
      <![CDATA[ INFO bject.LoginPage#  61: finish 'setPassword'<br>]]>
    </line>
    <line>
      <![CDATA[ INFO bject.LoginPage#  66: start 'clickSubmitButton'<br>]]>
    </line>
    <line>
      <![CDATA[ INFO bject.LoginPage#  68: finish 'clickSubmitButton'<br>]]>
    </line>
    <line>
      <![CDATA[ INFO work.YandexTest#  92: finish 'loginTest'<br>]]>
    </line>
    <line>
      <![CDATA[ INFO work.YandexTest#  98: start 'writeLetterDrafts'<br>]]>
    </line>
    <line>
      <![CDATA[ INFO object.MainPage#  64: start 'writeLetter'<br>]]>
    </line>
    <line>
      <![CDATA[ INFO object.MainPage#  65: Letter[recipient=khokholko1990@yandex.ru,subj=mem1,text=myxaxa!]<br>]]>
    </line>
    <line>
      <![CDATA[ INFO object.MainPage#  82: finish 'writeLetter'<br>]]>
    </line>
    <line>
      <![CDATA[ INFO work.YandexTest# 113: finish 'writeLetterDrafts'<br>]]>
    </line>
    <line>
      <![CDATA[ INFO work.YandexTest#  98: start 'writeLetterDrafts'<br>]]>
    </line>
    <line>
      <![CDATA[ INFO object.MainPage#  64: start 'writeLetter'<br>]]>
    </line>
    <line>
      <![CDATA[ INFO object.MainPage#  65: Letter[recipient=khokholko1990@yandex.ru,subj=mem2,text=my-xa-xa-xa!]<br>]]>
    </line>
    <line>
      <![CDATA[ INFO object.MainPage#  82: finish 'writeLetter'<br>]]>
    </line>
    <line>
      <![CDATA[ INFO work.YandexTest# 113: finish 'writeLetterDrafts'<br>]]>
    </line>
    <line>
      <![CDATA[ INFO work.YandexTest# 118: start 'letterDraftsCheck'<br>]]>
    </line>
    <line>
      <![CDATA[ INFO object.MainPage#  56: start 'checkDrafts'<br>]]>
    </line>
    <line>
      <![CDATA[ INFO object.MainPage#  60: finish 'checkDrafts'<br>]]>
    </line>
    <line>
      <![CDATA[ INFO work.YandexTest# 124: finish 'letterDraftsCheck'<br>]]>
    </line>
    <line>
      <![CDATA[ INFO work.YandexTest# 118: start 'letterDraftsCheck'<br>]]>
    </line>
    <line>
      <![CDATA[ INFO object.MainPage#  56: start 'checkDrafts'<br>]]>
    </line>
    <line>
      <![CDATA[ INFO object.MainPage#  60: finish 'checkDrafts'<br>]]>
    </line>
    <line>
      <![CDATA[ INFO work.YandexTest# 124: finish 'letterDraftsCheck'<br>]]>
    </line>
    <line>
      <![CDATA[ INFO work.YandexTest# 129: start 'discardDrafts'<br>]]>
    </line>
    <line>
      <![CDATA[ INFO object.MainPage#  64: start 'discardDrafts'<br>]]>
    </line>
    <line>
      <![CDATA[ INFO object.MainPage#  72: finish 'discardDrafts'<br>]]>
    </line>
    <line>
      <![CDATA[ INFO work.YandexTest# 132: finish 'discardDrafts'<br>]]>
    </line>
    <line>
      <![CDATA[ INFO work.YandexTest# 137: start 'yandexSendLetter'<br>]]>
    </line>
    <line>
      <![CDATA[ INFO object.MainPage#  77: start 'writeLetterAndSend'<br>]]>
    </line>
    <line>
      <![CDATA[ INFO object.MainPage#  85: finish 'writeLetterAndSend'<br>]]>
    </line>
    <line>
      <![CDATA[ INFO work.YandexTest# 145: finish 'yandexSendLetter'<br>]]>
    </line>
    <line>
      <![CDATA[ INFO work.YandexTest# 137: start 'yandexSendLetter'<br>]]>
    </line>
    <line>
      <![CDATA[ INFO object.MainPage#  77: start 'writeLetterAndSend'<br>]]>
    </line>
    <line>
      <![CDATA[ INFO object.MainPage#  85: finish 'writeLetterAndSend'<br>]]>
    </line>
    <line>
      <![CDATA[ INFO work.YandexTest# 145: finish 'yandexSendLetter'<br>]]>
    </line>
    <line>
      <![CDATA[ INFO work.YandexTest# 151: start 'checkSentMails'<br>]]>
    </line>
    <line>
      <![CDATA[ INFO object.MainPage#  89: start 'checkSentLetters'<br>]]>
    </line>
    <line>
      <![CDATA[ INFO object.MainPage# 104: finish 'checkSentLetters'<br>]]>
    </line>
    <line>
      <![CDATA[ INFO work.YandexTest# 168: finish 'checkSentMails'<br>]]>
    </line>
    <line>
      <![CDATA[ INFO work.YandexTest# 151: start 'checkSentMails'<br>]]>
    </line>
    <line>
      <![CDATA[ INFO object.MainPage#  89: start 'checkSentLetters'<br>]]>
    </line>
    <line>
      <![CDATA[ INFO object.MainPage# 104: finish 'checkSentLetters'<br>]]>
    </line>
    <line>
      <![CDATA[ INFO work.YandexTest# 168: finish 'checkSentMails'<br>]]>
    </line>
    <line>
      <![CDATA[ INFO work.YandexTest# 173: start 'discardSentLetters'<br>]]>
    </line>
    <line>
      <![CDATA[ INFO object.MainPage# 108: start 'discardSentLetters'<br>]]>
    </line>
    <line>
      <![CDATA[ INFO object.MainPage# 118: finish 'discardSentLetters'<br>]]>
    </line>
    <line>
      <![CDATA[ INFO work.YandexTest# 175: finish 'discardSentLetters'<br>]]>
    </line>
    <line>
      <![CDATA[ INFO work.YandexTest# 180: start 'logOut'<br>]]>
    </line>
    <line>
      <![CDATA[ INFO object.MainPage#  86: start 'logOut'<br>]]>
    </line>
    <line>
      <![CDATA[ INFO object.MainPage#  90: finish 'logOut'<br>]]>
    </line>
    <line>
      <![CDATA[ INFO work.YandexTest# 182: finish 'logOut'<br>]]>
    </line>
    <line>
      <![CDATA[ WARN work.YandexTest#  65: start 'closeBrowser'<br>]]>
    </line>
    <line>
      <![CDATA[ WARN work.YandexTest#  71: finish 'closeBrowser'<br>]]>
    </line>
  </reporter-output>
  <suite name="Default suite" duration-ms="25154" started-at="2016-09-07T12:09:23Z" finished-at="2016-09-07T12:09:49Z">
    <groups>
    </groups>
    <test name="Default test" duration-ms="25154" started-at="2016-09-07T12:09:23Z" finished-at="2016-09-07T12:09:49Z">
      <class name="com.epam.java.khokholko_tatiana.framework.YandexTest">
        <test-method status="PASS" signature="startBrowser()[pri:0, instance:com.epam.java.khokholko_tatiana.framework.YandexTest@6b09bb57]" name="startBrowser" is-config="true" duration-ms="2101" started-at="2016-09-07T15:09:23Z" finished-at="2016-09-07T15:09:25Z">
          <reporter-output>
            <line>
              <![CDATA[ WARN work.YandexTest#  55: start 'startBrowser'<br>]]>
            </line>
            <line>
              <![CDATA[ WARN work.YandexTest#  56: startBrowser 'delete old screenshots'<br>]]>
            </line>
            <line>
              <![CDATA[ WARN work.YandexTest#  59: finish 'startBrowser'<br>]]>
            </line>
          </reporter-output>
        </test-method> <!-- startBrowser -->
        <test-method status="PASS" signature="loginTest()[pri:0, instance:com.epam.java.khokholko_tatiana.framework.YandexTest@6b09bb57]" name="loginTest" duration-ms="3315" started-at="2016-09-07T15:09:25Z" finished-at="2016-09-07T15:09:29Z">
          <reporter-output>
            <line>
              <![CDATA[ INFO work.YandexTest#  80: start 'loginTest'<br>]]>
            </line>
            <line>
              <![CDATA[ INFO bject.LoginPage#  45: start 'setLogin'<br>]]>
            </line>
            <line>
              <![CDATA[ INFO bject.LoginPage#  46: Login:MySeleniumWork@yandex.ru<br>]]>
            </line>
            <line>
              <![CDATA[ INFO bject.LoginPage#  48: finish 'setLogin'<br>]]>
            </line>
            <line>
              <![CDATA[ INFO bject.LoginPage#  53: start 'setPassword'<br>]]>
            </line>
            <line>
              <![CDATA[ INFO bject.LoginPage#  61: finish 'setPassword'<br>]]>
            </line>
            <line>
              <![CDATA[ INFO bject.LoginPage#  66: start 'clickSubmitButton'<br>]]>
            </line>
            <line>
              <![CDATA[ INFO bject.LoginPage#  68: finish 'clickSubmitButton'<br>]]>
            </line>
            <line>
              <![CDATA[ INFO work.YandexTest#  92: finish 'loginTest'<br>]]>
            </line>
          </reporter-output>
        </test-method> <!-- loginTest -->
        <test-method status="PASS" signature="writeLetterDrafts(com.epam.java.khokholko_tatiana.framework.businessobject.Letter)[pri:0, instance:com.epam.java.khokholko_tatiana.framework.YandexTest@6b09bb57]" name="writeLetterDrafts" duration-ms="2482" started-at="2016-09-07T15:09:29Z" data-provider="parametersForLetter" depends-on-methods="com.epam.java.khokholko_tatiana.framework.YandexTest.loginTest" finished-at="2016-09-07T15:09:31Z">
          <params>
            <param index="0">
              <value>
                <![CDATA[Letter[recipient=khokholko1990@yandex.ru,subj=mem1,text=myxaxa!]]]>
              </value>
            </param>
          </params>
          <reporter-output>
            <line>
              <![CDATA[ INFO work.YandexTest#  98: start 'writeLetterDrafts'<br>]]>
            </line>
            <line>
              <![CDATA[ INFO object.MainPage#  64: start 'writeLetter'<br>]]>
            </line>
            <line>
              <![CDATA[ INFO object.MainPage#  65: Letter[recipient=khokholko1990@yandex.ru,subj=mem1,text=myxaxa!]<br>]]>
            </line>
            <line>
              <![CDATA[ INFO object.MainPage#  82: finish 'writeLetter'<br>]]>
            </line>
            <line>
              <![CDATA[ INFO work.YandexTest# 113: finish 'writeLetterDrafts'<br>]]>
            </line>
          </reporter-output>
        </test-method> <!-- writeLetterDrafts -->
        <test-method status="PASS" signature="writeLetterDrafts(com.epam.java.khokholko_tatiana.framework.businessobject.Letter)[pri:0, instance:com.epam.java.khokholko_tatiana.framework.YandexTest@6b09bb57]" name="writeLetterDrafts" duration-ms="2225" started-at="2016-09-07T15:09:31Z" data-provider="parametersForLetter" depends-on-methods="com.epam.java.khokholko_tatiana.framework.YandexTest.loginTest" finished-at="2016-09-07T15:09:34Z">
          <params>
            <param index="0">
              <value>
                <![CDATA[Letter[recipient=khokholko1990@yandex.ru,subj=mem2,text=my-xa-xa-xa!]]]>
              </value>
            </param>
          </params>
          <reporter-output>
            <line>
              <![CDATA[ INFO work.YandexTest#  98: start 'writeLetterDrafts'<br>]]>
            </line>
            <line>
              <![CDATA[ INFO object.MainPage#  64: start 'writeLetter'<br>]]>
            </line>
            <line>
              <![CDATA[ INFO object.MainPage#  65: Letter[recipient=khokholko1990@yandex.ru,subj=mem2,text=my-xa-xa-xa!]<br>]]>
            </line>
            <line>
              <![CDATA[ INFO object.MainPage#  82: finish 'writeLetter'<br>]]>
            </line>
            <line>
              <![CDATA[ INFO work.YandexTest# 113: finish 'writeLetterDrafts'<br>]]>
            </line>
          </reporter-output>
        </test-method> <!-- writeLetterDrafts -->
        <test-method status="PASS" signature="letterDraftsCheck(com.epam.java.khokholko_tatiana.framework.businessobject.Letter)[pri:0, instance:com.epam.java.khokholko_tatiana.framework.YandexTest@6b09bb57]" name="letterDraftsCheck" duration-ms="1733" started-at="2016-09-07T15:09:34Z" data-provider="parametersForLetter" depends-on-methods="com.epam.java.khokholko_tatiana.framework.YandexTest.writeLetterDrafts" finished-at="2016-09-07T15:09:35Z">
          <params>
            <param index="0">
              <value>
                <![CDATA[Letter[recipient=khokholko1990@yandex.ru,subj=mem1,text=myxaxa!]]]>
              </value>
            </param>
          </params>
          <reporter-output>
            <line>
              <![CDATA[ INFO work.YandexTest# 118: start 'letterDraftsCheck'<br>]]>
            </line>
            <line>
              <![CDATA[ INFO object.MainPage#  56: start 'checkDrafts'<br>]]>
            </line>
            <line>
              <![CDATA[ INFO object.MainPage#  60: finish 'checkDrafts'<br>]]>
            </line>
            <line>
              <![CDATA[ INFO work.YandexTest# 124: finish 'letterDraftsCheck'<br>]]>
            </line>
          </reporter-output>
        </test-method> <!-- letterDraftsCheck -->
        <test-method status="PASS" signature="letterDraftsCheck(com.epam.java.khokholko_tatiana.framework.businessobject.Letter)[pri:0, instance:com.epam.java.khokholko_tatiana.framework.YandexTest@6b09bb57]" name="letterDraftsCheck" duration-ms="1638" started-at="2016-09-07T15:09:35Z" data-provider="parametersForLetter" depends-on-methods="com.epam.java.khokholko_tatiana.framework.YandexTest.writeLetterDrafts" finished-at="2016-09-07T15:09:37Z">
          <params>
            <param index="0">
              <value>
                <![CDATA[Letter[recipient=khokholko1990@yandex.ru,subj=mem2,text=my-xa-xa-xa!]]]>
              </value>
            </param>
          </params>
          <reporter-output>
            <line>
              <![CDATA[ INFO work.YandexTest# 118: start 'letterDraftsCheck'<br>]]>
            </line>
            <line>
              <![CDATA[ INFO object.MainPage#  56: start 'checkDrafts'<br>]]>
            </line>
            <line>
              <![CDATA[ INFO object.MainPage#  60: finish 'checkDrafts'<br>]]>
            </line>
            <line>
              <![CDATA[ INFO work.YandexTest# 124: finish 'letterDraftsCheck'<br>]]>
            </line>
          </reporter-output>
        </test-method> <!-- letterDraftsCheck -->
        <test-method status="PASS" signature="discardDrafts()[pri:0, instance:com.epam.java.khokholko_tatiana.framework.YandexTest@6b09bb57]" name="discardDrafts" duration-ms="361" started-at="2016-09-07T15:09:37Z" depends-on-methods="com.epam.java.khokholko_tatiana.framework.YandexTest.letterDraftsCheck" finished-at="2016-09-07T15:09:37Z">
          <reporter-output>
            <line>
              <![CDATA[ INFO work.YandexTest# 129: start 'discardDrafts'<br>]]>
            </line>
            <line>
              <![CDATA[ INFO object.MainPage#  64: start 'discardDrafts'<br>]]>
            </line>
            <line>
              <![CDATA[ INFO object.MainPage#  72: finish 'discardDrafts'<br>]]>
            </line>
            <line>
              <![CDATA[ INFO work.YandexTest# 132: finish 'discardDrafts'<br>]]>
            </line>
          </reporter-output>
        </test-method> <!-- discardDrafts -->
        <test-method status="PASS" signature="yandexSendLetter(com.epam.java.khokholko_tatiana.framework.businessobject.Letter)[pri:0, instance:com.epam.java.khokholko_tatiana.framework.YandexTest@6b09bb57]" name="yandexSendLetter" duration-ms="2307" started-at="2016-09-07T15:09:37Z" data-provider="parametersForLetter" depends-on-methods="com.epam.java.khokholko_tatiana.framework.YandexTest.discardDrafts" finished-at="2016-09-07T15:09:40Z">
          <params>
            <param index="0">
              <value>
                <![CDATA[Letter[recipient=khokholko1990@yandex.ru,subj=mem1,text=myxaxa!]]]>
              </value>
            </param>
          </params>
          <reporter-output>
            <line>
              <![CDATA[ INFO work.YandexTest# 137: start 'yandexSendLetter'<br>]]>
            </line>
            <line>
              <![CDATA[ INFO object.MainPage#  77: start 'writeLetterAndSend'<br>]]>
            </line>
            <line>
              <![CDATA[ INFO object.MainPage#  85: finish 'writeLetterAndSend'<br>]]>
            </line>
            <line>
              <![CDATA[ INFO work.YandexTest# 145: finish 'yandexSendLetter'<br>]]>
            </line>
          </reporter-output>
        </test-method> <!-- yandexSendLetter -->
        <test-method status="PASS" signature="yandexSendLetter(com.epam.java.khokholko_tatiana.framework.businessobject.Letter)[pri:0, instance:com.epam.java.khokholko_tatiana.framework.YandexTest@6b09bb57]" name="yandexSendLetter" duration-ms="2636" started-at="2016-09-07T15:09:40Z" data-provider="parametersForLetter" depends-on-methods="com.epam.java.khokholko_tatiana.framework.YandexTest.discardDrafts" finished-at="2016-09-07T15:09:42Z">
          <params>
            <param index="0">
              <value>
                <![CDATA[Letter[recipient=khokholko1990@yandex.ru,subj=mem2,text=my-xa-xa-xa!]]]>
              </value>
            </param>
          </params>
          <reporter-output>
            <line>
              <![CDATA[ INFO work.YandexTest# 137: start 'yandexSendLetter'<br>]]>
            </line>
            <line>
              <![CDATA[ INFO object.MainPage#  77: start 'writeLetterAndSend'<br>]]>
            </line>
            <line>
              <![CDATA[ INFO object.MainPage#  85: finish 'writeLetterAndSend'<br>]]>
            </line>
            <line>
              <![CDATA[ INFO work.YandexTest# 145: finish 'yandexSendLetter'<br>]]>
            </line>
          </reporter-output>
        </test-method> <!-- yandexSendLetter -->
        <test-method status="PASS" signature="checkSentMails(com.epam.java.khokholko_tatiana.framework.businessobject.Letter)[pri:0, instance:com.epam.java.khokholko_tatiana.framework.YandexTest@6b09bb57]" name="checkSentMails" duration-ms="1769" started-at="2016-09-07T15:09:42Z" data-provider="parametersForLetter" depends-on-methods="com.epam.java.khokholko_tatiana.framework.YandexTest.yandexSendLetter" finished-at="2016-09-07T15:09:44Z">
          <params>
            <param index="0">
              <value>
                <![CDATA[Letter[recipient=khokholko1990@yandex.ru,subj=mem1,text=myxaxa!]]]>
              </value>
            </param>
          </params>
          <reporter-output>
            <line>
              <![CDATA[ INFO work.YandexTest# 151: start 'checkSentMails'<br>]]>
            </line>
            <line>
              <![CDATA[ INFO object.MainPage#  89: start 'checkSentLetters'<br>]]>
            </line>
            <line>
              <![CDATA[ INFO object.MainPage# 104: finish 'checkSentLetters'<br>]]>
            </line>
            <line>
              <![CDATA[ INFO work.YandexTest# 168: finish 'checkSentMails'<br>]]>
            </line>
          </reporter-output>
        </test-method> <!-- checkSentMails -->
        <test-method status="PASS" signature="checkSentMails(com.epam.java.khokholko_tatiana.framework.businessobject.Letter)[pri:0, instance:com.epam.java.khokholko_tatiana.framework.YandexTest@6b09bb57]" name="checkSentMails" duration-ms="2489" started-at="2016-09-07T15:09:44Z" data-provider="parametersForLetter" depends-on-methods="com.epam.java.khokholko_tatiana.framework.YandexTest.yandexSendLetter" finished-at="2016-09-07T15:09:46Z">
          <params>
            <param index="0">
              <value>
                <![CDATA[Letter[recipient=khokholko1990@yandex.ru,subj=mem2,text=my-xa-xa-xa!]]]>
              </value>
            </param>
          </params>
          <reporter-output>
            <line>
              <![CDATA[ INFO work.YandexTest# 151: start 'checkSentMails'<br>]]>
            </line>
            <line>
              <![CDATA[ INFO object.MainPage#  89: start 'checkSentLetters'<br>]]>
            </line>
            <line>
              <![CDATA[ INFO object.MainPage# 104: finish 'checkSentLetters'<br>]]>
            </line>
            <line>
              <![CDATA[ INFO work.YandexTest# 168: finish 'checkSentMails'<br>]]>
            </line>
          </reporter-output>
        </test-method> <!-- checkSentMails -->
        <test-method status="PASS" signature="discardSentLetters()[pri:0, instance:com.epam.java.khokholko_tatiana.framework.YandexTest@6b09bb57]" name="discardSentLetters" duration-ms="455" started-at="2016-09-07T15:09:46Z" depends-on-methods="com.epam.java.khokholko_tatiana.framework.YandexTest.checkSentMails" finished-at="2016-09-07T15:09:47Z">
          <reporter-output>
            <line>
              <![CDATA[ INFO work.YandexTest# 173: start 'discardSentLetters'<br>]]>
            </line>
            <line>
              <![CDATA[ INFO object.MainPage# 108: start 'discardSentLetters'<br>]]>
            </line>
            <line>
              <![CDATA[ INFO object.MainPage# 118: finish 'discardSentLetters'<br>]]>
            </line>
            <line>
              <![CDATA[ INFO work.YandexTest# 175: finish 'discardSentLetters'<br>]]>
            </line>
          </reporter-output>
        </test-method> <!-- discardSentLetters -->
        <test-method status="PASS" signature="exit()[pri:0, instance:com.epam.java.khokholko_tatiana.framework.YandexTest@6b09bb57]" name="exit" duration-ms="1282" started-at="2016-09-07T15:09:47Z" depends-on-methods="com.epam.java.khokholko_tatiana.framework.YandexTest.discardSentLetters" finished-at="2016-09-07T15:09:48Z">
          <reporter-output>
            <line>
              <![CDATA[ INFO work.YandexTest# 180: start 'logOut'<br>]]>
            </line>
            <line>
              <![CDATA[ INFO object.MainPage#  86: start 'logOut'<br>]]>
            </line>
            <line>
              <![CDATA[ INFO object.MainPage#  90: finish 'logOut'<br>]]>
            </line>
            <line>
              <![CDATA[ INFO work.YandexTest# 182: finish 'logOut'<br>]]>
            </line>
          </reporter-output>
        </test-method> <!-- exit -->
        <test-method status="PASS" signature="closeBrowser()[pri:0, instance:com.epam.java.khokholko_tatiana.framework.YandexTest@6b09bb57]" name="closeBrowser" is-config="true" duration-ms="342" started-at="2016-09-07T15:09:48Z" finished-at="2016-09-07T15:09:49Z">
          <reporter-output>
            <line>
              <![CDATA[ WARN work.YandexTest#  65: start 'closeBrowser'<br>]]>
            </line>
            <line>
              <![CDATA[ WARN work.YandexTest#  71: finish 'closeBrowser'<br>]]>
            </line>
          </reporter-output>
        </test-method> <!-- closeBrowser -->
      </class> <!-- com.epam.java.khokholko_tatiana.framework.YandexTest -->
    </test> <!-- Default test -->
  </suite> <!-- Default suite -->
</testng-results>
